TN:
SF:index.js
FN:16,(anonymous_0)
FNF:1
FNH:1
FNDA:1,(anonymous_0)
DA:1,1
DA:2,1
DA:3,1
DA:5,1
DA:6,1
DA:9,1
DA:10,1
DA:13,1
DA:14,1
DA:16,1
DA:17,1
DA:20,1
LF:12
LH:12
BRF:0
BRH:0
end_of_record
TN:
SF:controllers\auth.js
FN:7,(anonymous_0)
FN:14,(anonymous_1)
FNF:2
FNH:2
FNDA:4,(anonymous_0)
FNDA:4,(anonymous_1)
DA:1,2
DA:2,2
DA:4,2
DA:8,4
DA:9,4
DA:15,4
DA:16,2
DA:21,2
DA:22,2
DA:31,1
DA:37,2
LF:11
LH:11
BRDA:15,0,0,2
BRDA:15,0,1,1
BRF:2
BRH:2
end_of_record
TN:
SF:controllers\category.js
FN:5,(anonymous_0)
FN:11,(anonymous_1)
FN:17,(anonymous_2)
FN:19,(anonymous_3)
FN:28,(anonymous_4)
FN:30,(anonymous_5)
FN:39,(anonymous_6)
FN:46,(anonymous_7)
FN:51,(anonymous_8)
FN:57,(anonymous_9)
FNF:10
FNH:10
FNDA:2,(anonymous_0)
FNDA:2,(anonymous_1)
FNDA:1,(anonymous_2)
FNDA:1,(anonymous_3)
FNDA:2,(anonymous_4)
FNDA:2,(anonymous_5)
FNDA:2,(anonymous_6)
FNDA:2,(anonymous_7)
FNDA:2,(anonymous_8)
FNDA:2,(anonymous_9)
DA:1,2
DA:2,2
DA:6,2
DA:7,2
DA:12,2
DA:18,1
DA:20,1
DA:29,2
DA:31,2
DA:40,2
DA:47,2
DA:52,2
DA:58,2
DA:64,2
LF:14
LH:14
BRF:0
BRH:0
end_of_record
TN:
SF:controllers\food.js
FN:5,(anonymous_0)
FN:15,(anonymous_1)
FN:21,(anonymous_2)
FN:23,(anonymous_3)
FN:32,(anonymous_4)
FN:34,(anonymous_5)
FN:43,(anonymous_6)
FN:50,(anonymous_7)
FN:56,(anonymous_8)
FN:62,(anonymous_9)
FNF:10
FNH:10
FNDA:2,(anonymous_0)
FNDA:2,(anonymous_1)
FNDA:1,(anonymous_2)
FNDA:1,(anonymous_3)
FNDA:2,(anonymous_4)
FNDA:2,(anonymous_5)
FNDA:2,(anonymous_6)
FNDA:2,(anonymous_7)
FNDA:2,(anonymous_8)
FNDA:2,(anonymous_9)
DA:1,2
DA:2,2
DA:6,2
DA:7,2
DA:16,2
DA:22,1
DA:24,1
DA:33,2
DA:35,2
DA:44,2
DA:51,2
DA:57,2
DA:63,2
DA:69,2
LF:14
LH:14
BRF:0
BRH:0
end_of_record
TN:
SF:controllers\user.js
FN:4,(anonymous_0)
FN:12,(anonymous_1)
FN:17,(anonymous_2)
FN:19,(anonymous_3)
FN:28,(anonymous_4)
FN:30,(anonymous_5)
FN:39,(anonymous_6)
FN:46,(anonymous_7)
FN:52,(anonymous_8)
FN:58,(anonymous_9)
FNF:10
FNH:10
FNDA:2,(anonymous_0)
FNDA:2,(anonymous_1)
FNDA:1,(anonymous_2)
FNDA:1,(anonymous_3)
FNDA:2,(anonymous_4)
FNDA:2,(anonymous_5)
FNDA:2,(anonymous_6)
FNDA:2,(anonymous_7)
FNDA:2,(anonymous_8)
FNDA:2,(anonymous_9)
DA:1,2
DA:5,2
DA:6,2
DA:13,2
DA:18,1
DA:20,1
DA:29,2
DA:31,2
DA:40,2
DA:47,2
DA:53,2
DA:59,2
DA:64,2
LF:13
LH:13
BRF:0
BRH:0
end_of_record
TN:
SF:helpers\bcrypt.js
FN:4,(anonymous_0)
FN:8,(anonymous_1)
FNF:2
FNH:2
FNDA:4,(anonymous_0)
FNDA:6,(anonymous_1)
DA:1,6
DA:2,6
DA:4,6
DA:5,4
DA:8,6
DA:9,6
DA:12,6
LF:7
LH:7
BRF:0
BRH:0
end_of_record
TN:
SF:helpers\jwt.js
FN:4,(anonymous_0)
FN:8,(anonymous_1)
FNF:2
FNH:2
FNDA:4,(anonymous_0)
FNDA:34,(anonymous_1)
DA:1,4
DA:2,4
DA:4,4
DA:5,4
DA:8,4
DA:9,34
DA:12,4
LF:7
LH:7
BRF:0
BRH:0
end_of_record
TN:
SF:middlewares\authentication.js
FN:3,(anonymous_0)
FNF:1
FNH:1
FNDA:33,(anonymous_0)
DA:1,2
DA:3,2
DA:4,33
DA:5,33
DA:6,33
DA:7,21
DA:8,21
DA:10,12
DA:14,2
LF:9
LH:9
BRF:0
BRH:0
end_of_record
TN:
SF:middlewares\authorization.js
FN:1,(anonymous_0)
FNF:1
FNH:1
FNDA:18,(anonymous_0)
DA:1,2
DA:2,18
DA:3,18
DA:4,18
DA:5,9
DA:7,9
DA:10,0
DA:14,2
LF:8
LH:7
BRDA:4,0,0,9
BRDA:4,0,1,9
BRDA:4,1,0,18
BRDA:4,1,1,9
BRF:4
BRH:4
end_of_record
TN:
SF:middlewares\errorHandler.js
FN:1,(anonymous_0)
FNF:1
FNH:1
FNDA:21,(anonymous_0)
DA:1,2
DA:2,21
DA:3,0
DA:5,21
DA:9,2
LF:5
LH:4
BRDA:2,0,0,0
BRDA:2,0,1,21
BRF:2
BRH:1
end_of_record
TN:
SF:models\category.js
FN:3,(anonymous_0)
FN:10,(anonymous_1)
FNF:2
FNH:2
FNDA:5,(anonymous_0)
FNDA:5,(anonymous_1)
DA:2,5
DA:3,5
DA:11,5
DA:14,5
DA:24,5
LF:5
LH:5
BRF:0
BRH:0
end_of_record
TN:
SF:models\food.js
FN:3,(anonymous_0)
FN:10,(anonymous_1)
FNF:2
FNH:2
FNDA:5,(anonymous_0)
FNDA:5,(anonymous_1)
DA:2,5
DA:3,5
DA:11,5
DA:14,5
DA:28,5
LF:5
LH:5
BRF:0
BRH:0
end_of_record
TN:
SF:models\index.js
FN:21,(anonymous_0)
FN:29,(anonymous_1)
FN:34,(anonymous_2)
FNF:3
FNH:3
FNDA:25,(anonymous_0)
FNDA:20,(anonymous_1)
FNDA:20,(anonymous_2)
DA:3,5
DA:4,5
DA:5,5
DA:6,5
DA:7,5
DA:8,5
DA:9,5
DA:10,5
DA:13,5
DA:14,0
DA:16,5
DA:19,5
DA:22,25
DA:30,20
DA:31,20
DA:34,5
DA:35,20
DA:36,20
DA:40,5
DA:41,5
DA:43,5
LF:21
LH:20
BRDA:8,0,0,5
BRDA:8,0,1,0
BRDA:13,1,0,0
BRDA:13,1,1,5
BRDA:23,2,0,25
BRDA:23,2,1,25
BRDA:23,2,2,20
BRDA:23,2,3,20
BRDA:35,3,0,20
BRDA:35,3,1,0
BRF:10
BRH:7
end_of_record
TN:
SF:models\role.js
FN:3,(anonymous_0)
FN:10,(anonymous_1)
FNF:2
FNH:2
FNDA:5,(anonymous_0)
FNDA:5,(anonymous_1)
DA:2,5
DA:3,5
DA:11,5
DA:14,5
DA:24,5
LF:5
LH:5
BRF:0
BRH:0
end_of_record
TN:
SF:models\user.js
FN:4,(anonymous_0)
FN:11,(anonymous_1)
FN:26,(anonymous_2)
FNF:3
FNH:3
FNDA:5,(anonymous_0)
FNDA:5,(anonymous_1)
FNDA:1,(anonymous_2)
DA:2,5
DA:3,5
DA:4,5
DA:12,5
DA:15,5
DA:27,1
DA:28,1
DA:30,0
DA:36,5
LF:9
LH:8
BRDA:27,0,0,1
BRDA:27,0,1,0
BRF:2
BRH:1
end_of_record
TN:
SF:routes\index.js
FN:10,(anonymous_0)
FNF:1
FNH:0
FNDA:0,(anonymous_0)
DA:1,1
DA:2,1
DA:3,1
DA:4,1
DA:5,1
DA:6,1
DA:7,1
DA:8,1
DA:10,1
DA:11,0
DA:14,1
DA:16,1
DA:18,1
DA:19,1
DA:20,1
DA:21,1
DA:22,1
DA:24,1
DA:25,1
DA:26,1
DA:27,1
DA:28,1
DA:30,1
DA:31,1
DA:32,1
DA:33,1
DA:34,1
DA:36,1
LF:28
LH:27
BRF:0
BRH:0
end_of_record
